{
  "RSpec": {
    "coverage": {
      "/mnt/c/Users/Nishant/ec_admin/app/helpers/admin/products_helper.rb": {
        "lines": [
          null,
          null,
          1,
          1,
          null,
          null
        ]
      },
      "/mnt/c/Users/Nishant/ec_admin/app/helpers/application_helper.rb": {
        "lines": [
          null,
          null,
          1,
          1,
          19,
          18,
          null,
          null
        ]
      },
      "/mnt/c/Users/Nishant/ec_admin/app/controllers/application_controller.rb": {
        "lines": [
          null,
          null,
          1,
          1,
          1,
          1,
          null,
          1,
          null,
          1,
          195,
          null,
          null,
          1,
          435,
          null,
          null,
          1,
          4,
          null,
          null,
          1,
          100,
          null,
          null,
          1,
          2,
          null,
          null
        ]
      },
      "/mnt/c/Users/Nishant/ec_admin/app/models/category.rb": {
        "lines": [
          null,
          null,
          1,
          1,
          1,
          null,
          1,
          1,
          null,
          1,
          1,
          null,
          32,
          null,
          1,
          null,
          1,
          23,
          23,
          23,
          23,
          1,
          1,
          null,
          23,
          null,
          null
        ]
      },
      "/mnt/c/Users/Nishant/ec_admin/app/models/application_record.rb": {
        "lines": [
          null,
          null,
          1,
          1,
          null
        ]
      },
      "/mnt/c/Users/Nishant/ec_admin/app/models/coupon.rb": {
        "lines": [
          null,
          null,
          1,
          1,
          1,
          null,
          1,
          1,
          1,
          null,
          1,
          1,
          1,
          1,
          1,
          1,
          1,
          null,
          1,
          null,
          1,
          null,
          1,
          15,
          null,
          null,
          1,
          11,
          10,
          9,
          8,
          7,
          6,
          1,
          null,
          5,
          4,
          null,
          null,
          1,
          9,
          7,
          null,
          7,
          5,
          null,
          2,
          null,
          null,
          7,
          1,
          null,
          null,
          7,
          null,
          null,
          1,
          6,
          5,
          5,
          5,
          null,
          1,
          null,
          null,
          null,
          1,
          4,
          null,
          null,
          null,
          null,
          null,
          null,
          null,
          1,
          null,
          1,
          37,
          null,
          null
        ]
      },
      "/mnt/c/Users/Nishant/ec_admin/app/models/customer.rb": {
        "lines": [
          null,
          null,
          1,
          1,
          null,
          1,
          null,
          1,
          1,
          null,
          1,
          null,
          1,
          null,
          1,
          36,
          null,
          null
        ]
      },
      "/mnt/c/Users/Nishant/ec_admin/app/models/gift_card.rb": {
        "lines": [
          null,
          null,
          1,
          1,
          null,
          1,
          null,
          1,
          1,
          1,
          1,
          null,
          1,
          1,
          null,
          1,
          null,
          1,
          15,
          null,
          null,
          1,
          15,
          null,
          null,
          1,
          11,
          null,
          null,
          1,
          5,
          4,
          null,
          null,
          1,
          4,
          3,
          3,
          null,
          3,
          3,
          null,
          3,
          3,
          3,
          null,
          null,
          null,
          null,
          3,
          null,
          null,
          null,
          1,
          null,
          1,
          22,
          null,
          null,
          1,
          26,
          null,
          null
        ]
      },
      "/mnt/c/Users/Nishant/ec_admin/app/models/order_line_item.rb": {
        "lines": [
          null,
          null,
          1,
          1,
          1,
          null,
          1,
          1,
          null,
          2,
          2,
          null,
          1,
          1,
          null,
          null
        ]
      },
      "/mnt/c/Users/Nishant/ec_admin/app/models/order.rb": {
        "lines": [
          null,
          null,
          1,
          1,
          1,
          1,
          1,
          1,
          1,
          1,
          1,
          null,
          1,
          null,
          1,
          null,
          1,
          1,
          1,
          1,
          1,
          null,
          1,
          3,
          null,
          null
        ]
      },
      "/mnt/c/Users/Nishant/ec_admin/app/models/product_combo.rb": {
        "lines": [
          null,
          null,
          1,
          1,
          1,
          1,
          1,
          null,
          1,
          1,
          null,
          1,
          1,
          null,
          4,
          1,
          3,
          3,
          3,
          3,
          null,
          null,
          null,
          null,
          1,
          8,
          7,
          7,
          6,
          null,
          6,
          6,
          6,
          null,
          6,
          null,
          null,
          null,
          1,
          2,
          2,
          null,
          2,
          2,
          null,
          null,
          null,
          null,
          1,
          1,
          1,
          1,
          1,
          1,
          null,
          1,
          null,
          null,
          null,
          1,
          4,
          4,
          2,
          null,
          null,
          1,
          2,
          null,
          null,
          1,
          null,
          1,
          43,
          43,
          22,
          22,
          null,
          null,
          1,
          43,
          43,
          22,
          22,
          null,
          1,
          null,
          null
        ]
      },
      "/mnt/c/Users/Nishant/ec_admin/app/models/product.rb": {
        "lines": [
          null,
          null,
          1,
          1,
          1,
          1,
          1,
          1,
          1,
          null,
          1,
          null,
          1,
          null,
          1,
          1,
          1,
          1,
          null,
          114,
          null,
          3,
          8,
          6,
          6,
          1,
          5,
          5,
          5,
          5,
          null,
          null,
          1,
          null,
          1,
          104,
          104,
          104,
          104,
          1,
          1,
          null,
          104,
          null,
          null
        ]
      },
      "/mnt/c/Users/Nishant/ec_admin/app/models/user.rb": {
        "lines": [
          null,
          null,
          1,
          1,
          1,
          1,
          null,
          1,
          1,
          null,
          1,
          1,
          null,
          1,
          null,
          1,
          null,
          1,
          94,
          null,
          null
        ]
      },
      "/mnt/c/Users/Nishant/ec_admin/app/services/product_import_service.rb": {
        "lines": [
          null,
          null,
          1,
          1,
          4,
          null,
          null,
          1,
          4,
          4,
          4,
          4,
          6,
          null,
          null,
          6,
          null,
          6,
          null,
          6,
          6,
          4,
          4,
          null,
          6,
          4,
          null,
          2,
          null,
          null,
          4,
          null,
          null
        ]
      },
      "/mnt/c/Users/Nishant/ec_admin/app/controllers/sessions_controller.rb": {
        "lines": [
          null,
          null,
          1,
          1,
          2,
          null,
          null,
          1,
          5,
          5,
          3,
          3,
          null,
          2,
          2,
          null,
          null,
          null,
          1,
          1,
          1,
          null,
          null
        ]
      },
      "/mnt/c/Users/Nishant/ec_admin/app/models/product_category.rb": {
        "lines": [
          null,
          null,
          1,
          1,
          1,
          null
        ]
      },
      "/mnt/c/Users/Nishant/ec_admin/app/models/role.rb": {
        "lines": [
          null,
          null,
          1,
          1,
          1,
          null,
          1,
          null
        ]
      },
      "/mnt/c/Users/Nishant/ec_admin/app/controllers/admin/sessions_controller.rb": {
        "lines": [
          null,
          null,
          1,
          1,
          1,
          null,
          1,
          2,
          null,
          null,
          1,
          80,
          80,
          79,
          79,
          null,
          1,
          1,
          null,
          null,
          null,
          1,
          1,
          1,
          null,
          null,
          null
        ]
      },
      "/mnt/c/Users/Nishant/ec_admin/app/controllers/admin/gift_cards_controller.rb": {
        "lines": [
          null,
          null,
          1,
          1,
          1,
          null,
          1,
          1,
          null,
          null,
          1,
          null,
          null,
          1,
          0,
          null,
          null,
          1,
          2,
          2,
          2,
          1,
          null,
          1,
          null,
          null,
          null,
          1,
          null,
          null,
          1,
          1,
          1,
          null,
          0,
          null,
          null,
          null,
          1,
          1,
          1,
          null,
          null,
          1,
          null,
          1,
          2,
          null,
          null,
          1,
          3,
          null,
          null,
          null
        ]
      },
      "/mnt/c/Users/Nishant/ec_admin/app/controllers/admin/base_controller.rb": {
        "lines": [
          null,
          null,
          1,
          1,
          1,
          1,
          null,
          null
        ]
      },
      "/mnt/c/Users/Nishant/ec_admin/app/controllers/concerns/cart_support.rb": {
        "lines": [
          null,
          null,
          1,
          1,
          null,
          1,
          1,
          null,
          1,
          1,
          null,
          null,
          1,
          156,
          null,
          null,
          1,
          114,
          null,
          null,
          1,
          44,
          null,
          null,
          1,
          32,
          32,
          32,
          null,
          32,
          28,
          28,
          null,
          28,
          null,
          null,
          32,
          0,
          0,
          null,
          0,
          null,
          null,
          32,
          null,
          null,
          1,
          13,
          11,
          null,
          null,
          null,
          1,
          21,
          21,
          2,
          null,
          19,
          null,
          null,
          null,
          1,
          2,
          2,
          2,
          2,
          0,
          null,
          2,
          null,
          null,
          null,
          1,
          4,
          0,
          null,
          4,
          null,
          null,
          null,
          1,
          5,
          5,
          null,
          null,
          null,
          1,
          4,
          null,
          2,
          null,
          2,
          null,
          2,
          2,
          1,
          1,
          1,
          null,
          null,
          2,
          1,
          null,
          1,
          null,
          null,
          2,
          null,
          null
        ]
      },
      "/mnt/c/Users/Nishant/ec_admin/app/models/gift_card_transaction.rb": {
        "lines": [
          null,
          null,
          1,
          1,
          null,
          1,
          1,
          null,
          1,
          1,
          null
        ]
      },
      "/mnt/c/Users/Nishant/ec_admin/app/controllers/admin/products_controller.rb": {
        "lines": [
          null,
          null,
          1,
          1,
          1,
          null,
          1,
          4,
          null,
          null,
          null,
          null,
          null,
          null,
          null,
          null,
          null,
          1,
          null,
          null,
          1,
          0,
          null,
          null,
          1,
          2,
          2,
          1,
          null,
          1,
          null,
          null,
          null,
          1,
          null,
          null,
          1,
          2,
          1,
          null,
          1,
          null,
          null,
          null,
          1,
          2,
          1,
          null,
          1,
          null,
          null,
          1,
          1,
          1,
          1,
          null,
          null,
          1,
          2,
          1,
          1,
          null,
          1,
          1,
          1,
          null,
          0,
          null,
          null,
          null,
          1,
          5,
          5,
          1,
          1,
          null,
          4,
          null,
          2,
          1,
          1,
          null,
          1,
          null,
          null,
          1,
          1,
          1,
          2,
          2,
          null,
          0,
          null,
          1,
          1,
          1,
          null,
          1,
          null,
          null,
          null,
          1,
          null,
          1,
          4,
          null,
          null,
          1,
          4,
          null,
          null,
          1,
          1,
          1,
          1,
          1,
          0,
          null,
          null,
          null,
          null,
          null
        ]
      },
      "/mnt/c/Users/Nishant/ec_admin/app/models/coupon_product.rb": {
        "lines": [
          null,
          null,
          1,
          1,
          1,
          null,
          1,
          null
        ]
      },
      "/mnt/c/Users/Nishant/ec_admin/app/models/product_combo_trigger.rb": {
        "lines": [
          null,
          null,
          1,
          1,
          1,
          null,
          1,
          1,
          null
        ]
      },
      "/mnt/c/Users/Nishant/ec_admin/app/models/product_combo_free_product.rb": {
        "lines": [
          null,
          null,
          1,
          1,
          1,
          null,
          1,
          1,
          null
        ]
      },
      "/mnt/c/Users/Nishant/ec_admin/app/controllers/admin/dashboard_controller.rb": {
        "lines": [
          null,
          null,
          1,
          1,
          1,
          1,
          1,
          1,
          1,
          1,
          1,
          1,
          1,
          1,
          1,
          null,
          null,
          null
        ]
      },
      "/mnt/c/Users/Nishant/ec_admin/app/controllers/admin/users_controller.rb": {
        "lines": [
          null,
          null,
          1,
          1,
          1,
          null,
          1,
          1,
          null,
          null,
          1,
          0,
          null,
          null,
          1,
          1,
          1,
          1,
          1,
          null,
          0,
          null,
          null,
          null,
          1,
          null,
          null,
          1,
          1,
          1,
          1,
          1,
          null,
          1,
          1,
          null,
          0,
          null,
          null,
          null,
          1,
          2,
          1,
          1,
          null,
          1,
          1,
          null,
          null,
          1,
          null,
          1,
          3,
          null,
          null,
          1,
          2,
          null,
          null,
          null
        ]
      },
      "/mnt/c/Users/Nishant/ec_admin/app/models/coupon_usage.rb": {
        "lines": [
          null,
          null,
          1,
          1,
          1,
          1,
          null,
          1,
          1,
          null
        ]
      },
      "/mnt/c/Users/Nishant/ec_admin/app/controllers/admin/orders_controller.rb": {
        "lines": [
          null,
          null,
          1,
          1,
          1,
          null,
          1,
          1,
          1,
          1,
          null,
          null,
          1,
          null,
          null,
          1,
          2,
          2,
          1,
          1,
          null,
          1,
          null,
          null,
          null,
          1,
          1,
          1,
          1,
          null,
          null,
          1,
          null,
          1,
          3,
          null,
          null,
          1,
          1,
          1,
          1,
          1,
          0,
          null,
          null,
          null,
          null,
          null
        ]
      },
      "/mnt/c/Users/Nishant/ec_admin/app/controllers/locales_controller.rb": {
        "lines": [
          null,
          null,
          1,
          1,
          null,
          1,
          2,
          1,
          null,
          2,
          null,
          null
        ]
      },
      "/mnt/c/Users/Nishant/ec_admin/app/controllers/admin/cart_controller.rb": {
        "lines": [
          null,
          null,
          1,
          1,
          1,
          null,
          1,
          4,
          4,
          4,
          null,
          null,
          1,
          23,
          23,
          23,
          1,
          1,
          null,
          22,
          1,
          1,
          null,
          21,
          21,
          21,
          21,
          null,
          null,
          1,
          3,
          3,
          3,
          3,
          1,
          1,
          null,
          2,
          2,
          2,
          2,
          null,
          null,
          null,
          1,
          3,
          3,
          3,
          3,
          null,
          null,
          null
        ]
      },
      "/mnt/c/Users/Nishant/ec_admin/app/controllers/admin/coupons_controller.rb": {
        "lines": [
          null,
          null,
          1,
          1,
          1,
          null,
          1,
          1,
          null,
          null,
          1,
          null,
          null,
          1,
          0,
          null,
          null,
          1,
          2,
          2,
          1,
          null,
          1,
          null,
          null,
          null,
          1,
          null,
          null,
          1,
          1,
          1,
          null,
          0,
          null,
          null,
          null,
          1,
          1,
          1,
          null,
          null,
          1,
          null,
          1,
          2,
          null,
          null,
          1,
          3,
          null,
          null,
          null,
          null,
          null,
          null
        ]
      },
      "/mnt/c/Users/Nishant/ec_admin/app/controllers/admin/categories_controller.rb": {
        "lines": [
          null,
          null,
          1,
          1,
          1,
          null,
          1,
          1,
          null,
          null,
          1,
          null,
          null,
          1,
          0,
          null,
          null,
          1,
          2,
          2,
          1,
          null,
          1,
          null,
          null,
          null,
          1,
          null,
          null,
          1,
          2,
          1,
          null,
          1,
          null,
          null,
          null,
          1,
          1,
          1,
          null,
          null,
          1,
          null,
          1,
          3,
          null,
          null,
          1,
          4,
          null,
          null,
          null
        ]
      },
      "/mnt/c/Users/Nishant/ec_admin/app/controllers/admin/checkout_controller.rb": {
        "lines": [
          null,
          null,
          1,
          1,
          1,
          null,
          1,
          null,
          1,
          3,
          3,
          3,
          3,
          3,
          3,
          null,
          6,
          null,
          3,
          1,
          1,
          1,
          1,
          null,
          2,
          1,
          1,
          1,
          1,
          null,
          null,
          null,
          3,
          null,
          null,
          1,
          7,
          1,
          1,
          null,
          null,
          6,
          6,
          null,
          6,
          6,
          6,
          1,
          5,
          1,
          null,
          null,
          6,
          6,
          6,
          12,
          null,
          6,
          1,
          5,
          1,
          null,
          null,
          6,
          null,
          6,
          null,
          null,
          null,
          null,
          null,
          null,
          null,
          null,
          null,
          null,
          null,
          6,
          6,
          6,
          6,
          6,
          6,
          6,
          null,
          5,
          null,
          null,
          5,
          null,
          null,
          5,
          null,
          null,
          5,
          5,
          1,
          null,
          null,
          5,
          null,
          null,
          5,
          null,
          0,
          null,
          1,
          null,
          null,
          1,
          null,
          1,
          12,
          null,
          2,
          null,
          null,
          null
        ]
      },
      "/mnt/c/Users/Nishant/ec_admin/app/controllers/admin/product_combos_controller.rb": {
        "lines": [
          null,
          null,
          1,
          1,
          1,
          null,
          1,
          1,
          null,
          null,
          null,
          null,
          null,
          1,
          null,
          null,
          1,
          0,
          null,
          null,
          1,
          1,
          1,
          null,
          1,
          null,
          null,
          null,
          1,
          1,
          1,
          1,
          null,
          0,
          null,
          null,
          null,
          1,
          null,
          null,
          1,
          1,
          1,
          1,
          1,
          1,
          1,
          null,
          0,
          null,
          null,
          null,
          1,
          1,
          1,
          null,
          null,
          1,
          null,
          1,
          2,
          null,
          null,
          1,
          1,
          null,
          null,
          1,
          1,
          1,
          1,
          1,
          1,
          null,
          2,
          2,
          null,
          null,
          1,
          1,
          1,
          1,
          1,
          1,
          null,
          2,
          2,
          null,
          null,
          null
        ]
      },
      "/mnt/c/Users/Nishant/ec_admin/app/controllers/admin/customers_controller.rb": {
        "lines": [
          null,
          null,
          1,
          1,
          1,
          null,
          1,
          1,
          1,
          1,
          null,
          null,
          1,
          null,
          null,
          1,
          0,
          null,
          null,
          1,
          2,
          2,
          1,
          null,
          1,
          null,
          null,
          null,
          1,
          null,
          null,
          1,
          1,
          1,
          null,
          0,
          null,
          null,
          null,
          1,
          1,
          1,
          null,
          null,
          1,
          null,
          1,
          2,
          null,
          null,
          1,
          3,
          3,
          3,
          null,
          null,
          null
        ]
      }
    },
    "timestamp": 1773233405
  }
}
